0 info it worked if it ends with ok
1 verbose cli [ '/usr/bin/nodejs', '/usr/bin/npm', 'install', '-g', '.' ]
2 info using npm@3.5.2
3 info using node@v4.2.6
4 silly loadCurrentTree Starting
5 silly install loadCurrentTree
6 silly install readGlobalPackageData
7 silly fetchPackageMetaData .
8 silly fetchDirectoryPackageData .
9 silly install normalizeTree
10 silly loadCurrentTree Finishing
11 silly loadIdealTree Starting
12 silly install loadIdealTree
13 silly cloneCurrentTree Starting
14 silly install cloneCurrentTreeToIdealTree
15 silly cloneCurrentTree Finishing
16 silly loadShrinkwrap Starting
17 silly install loadShrinkwrap
18 silly loadShrinkwrap Finishing
19 silly loadAllDepsIntoIdealTree Starting
20 silly install loadAllDepsIntoIdealTree
21 silly resolveWithNewModule caesar-cipher@1.0.0 checking installable status
22 silly cache add args [ '.', null ]
23 verbose cache add spec .
24 silly cache add parsed spec Result {
24 silly cache add   raw: '.',
24 silly cache add   scope: null,
24 silly cache add   name: null,
24 silly cache add   rawSpec: '.',
24 silly cache add   spec: '/home/douglaswender/Documentos/Dev/sa28s-caesar-cipher',
24 silly cache add   type: 'directory' }
25 verbose addLocalDirectory /home/douglaswender/.npm/caesar-cipher/1.0.0/package.tgz not in flight; packing
26 info lifecycle caesar-cipher@1.0.0~prepublish: caesar-cipher@1.0.0
27 silly lifecycle caesar-cipher@1.0.0~prepublish: no script for prepublish, continuing
28 verbose tar pack [ '/home/douglaswender/.npm/caesar-cipher/1.0.0/package.tgz',
28 verbose tar pack   '/home/douglaswender/Documentos/Dev/sa28s-caesar-cipher' ]
29 verbose tarball /home/douglaswender/.npm/caesar-cipher/1.0.0/package.tgz
30 verbose folder /home/douglaswender/Documentos/Dev/sa28s-caesar-cipher
31 verbose addLocalTarball adding from inside cache /home/douglaswender/.npm/caesar-cipher/1.0.0/package.tgz
32 silly cache afterAdd caesar-cipher@1.0.0
33 verbose afterAdd /home/douglaswender/.npm/caesar-cipher/1.0.0/package/package.json not in flight; writing
34 verbose afterAdd /home/douglaswender/.npm/caesar-cipher/1.0.0/package/package.json written
35 silly fetchNamedPackageData commander
36 silly mapToRegistry name commander
37 silly mapToRegistry using default registry
38 silly mapToRegistry registry https://registry.npmjs.org/
39 silly mapToRegistry uri https://registry.npmjs.org/commander
40 verbose get https://registry.npmjs.org/commander not expired, no request
41 verbose stack Error: Missing required argument #1
41 verbose stack     at andLogAndFinish (/usr/share/npm/lib/fetch-package-metadata.js:31:3)
41 verbose stack     at fetchPackageMetadata (/usr/share/npm/lib/fetch-package-metadata.js:51:22)
41 verbose stack     at resolveWithNewModule (/usr/share/npm/lib/install/deps.js:456:12)
41 verbose stack     at /usr/share/npm/lib/install/deps.js:457:7
41 verbose stack     at /usr/share/npm/node_modules/iferr/index.js:13:50
41 verbose stack     at /usr/share/npm/lib/fetch-package-metadata.js:37:12
41 verbose stack     at addRequestedAndFinish (/usr/share/npm/lib/fetch-package-metadata.js:82:5)
41 verbose stack     at returnAndAddMetadata (/usr/share/npm/lib/fetch-package-metadata.js:117:7)
41 verbose stack     at pickVersionFromRegistryDocument (/usr/share/npm/lib/fetch-package-metadata.js:134:20)
41 verbose stack     at /usr/share/npm/node_modules/iferr/index.js:13:50
42 verbose cwd /home/douglaswender/Documentos/Dev/sa28s-caesar-cipher
43 error Linux 4.15.0-142-generic
44 error argv "/usr/bin/nodejs" "/usr/bin/npm" "install" "-g" "."
45 error node v4.2.6
46 error npm  v3.5.2
47 error code EMISSINGARG
48 error typeerror Error: Missing required argument #1
48 error typeerror     at andLogAndFinish (/usr/share/npm/lib/fetch-package-metadata.js:31:3)
48 error typeerror     at fetchPackageMetadata (/usr/share/npm/lib/fetch-package-metadata.js:51:22)
48 error typeerror     at resolveWithNewModule (/usr/share/npm/lib/install/deps.js:456:12)
48 error typeerror     at /usr/share/npm/lib/install/deps.js:457:7
48 error typeerror     at /usr/share/npm/node_modules/iferr/index.js:13:50
48 error typeerror     at /usr/share/npm/lib/fetch-package-metadata.js:37:12
48 error typeerror     at addRequestedAndFinish (/usr/share/npm/lib/fetch-package-metadata.js:82:5)
48 error typeerror     at returnAndAddMetadata (/usr/share/npm/lib/fetch-package-metadata.js:117:7)
48 error typeerror     at pickVersionFromRegistryDocument (/usr/share/npm/lib/fetch-package-metadata.js:134:20)
48 error typeerror     at /usr/share/npm/node_modules/iferr/index.js:13:50
49 error typeerror This is an error with npm itself. Please report this error at:
49 error typeerror     <http://github.com/npm/npm/issues>
50 verbose exit [ 1, true ]
